<?xml version="1.0" encoding="UTF-8"?>
<testsuite name="Test" tests="5" skipped="0" failures="0" errors="0" timestamp="2019-08-28T20:00:58" hostname="gds000267-nb.carina.griddynamics.net" time="0.256">
  <properties/>
  <testcase name="When email address is null, we do not send email" classname="Test" time="0.055"/>
  <testcase name="Sends messages correctly for correct values" classname="Test" time="0.093"/>
  <testcase name="When personal info is null, we do not send email" classname="Test" time="0.004"/>
  <testcase name="When message is null, we do not send email" classname="Test" time="0.001"/>
  <testcase name="When client is null, email we do not send email" classname="Test" time="0.009"/>
  <system-out><![CDATA[]]></system-out>
  <system-err><![CDATA[]]></system-err>
</testsuite>
