<?xml version="1.0" encoding="UTF-8"?>
<testsuite name="Test" tests="4" skipped="0" failures="0" errors="0" timestamp="2019-08-28T18:21:56" hostname="gds000267-nb.carina.griddynamics.net" time="0.118">
  <properties/>
  <testcase name="fizzBuzzThreeTest" classname="Test" time="0.086"/>
  <testcase name="fizzBuzzLongTest" classname="Test" time="0.013"/>
  <testcase name="fizzBuzzFirstTest" classname="Test" time="0.011"/>
  <testcase name="fizzBuzzFiveTest" classname="Test" time="0.003"/>
  <system-out><![CDATA[]]></system-out>
  <system-err><![CDATA[]]></system-err>
</testsuite>
