<?xml version="1.0" encoding="UTF-8"?>
<testsuite name="Test" tests="2" skipped="0" failures="0" errors="0" timestamp="2019-08-28T18:23:42" hostname="gds000267-nb.carina.griddynamics.net" time="0.129">
  <properties/>
  <testcase name="defaultSeparatorSolution" classname="Test" time="0.117"/>
  <testcase name="changingSeparatorSolution" classname="Test" time="0.004"/>
  <system-out><![CDATA[]]></system-out>
  <system-err><![CDATA[]]></system-err>
</testsuite>
