<?xml version="1.0" encoding="UTF-8"?>
<testsuite name="Test" tests="1" skipped="0" failures="0" errors="0" timestamp="2019-08-28T19:54:30" hostname="gds000267-nb.carina.griddynamics.net" time="0.024">
  <properties/>
  <testcase name="testSolution" classname="Test" time="0.024"/>
  <system-out><![CDATA[]]></system-out>
  <system-err><![CDATA[]]></system-err>
</testsuite>
